<?xml version="1.0" encoding="UTF-8"?>
<testng-results skipped="0" failed="0" ignored="0" total="2" passed="2">
  <reporter-output>
  </reporter-output>
  <suite name="Default suite" duration-ms="100" started-at="2019-01-29T09:04:45Z" finished-at="2019-01-29T09:04:45Z">
    <groups>
    </groups>
    <test name="Default test" duration-ms="100" started-at="2019-01-29T09:04:45Z" finished-at="2019-01-29T09:04:45Z">
      <class name="DemoGroup">
        <test-method status="PASS" signature="before()[pri:0, instance:DemoGroup@56f4468b]" name="before" is-config="true" duration-ms="13" started-at="2019-01-29T09:04:45Z" finished-at="2019-01-29T09:04:45Z">
          <reporter-output>
          </reporter-output>
        </test-method> <!-- before -->
        <test-method status="PASS" signature="b()[pri:1, instance:DemoGroup@56f4468b]" name="b" duration-ms="9" started-at="2019-01-29T09:04:45Z" finished-at="2019-01-29T09:04:45Z">
          <reporter-output>
          </reporter-output>
        </test-method> <!-- b -->
        <test-method status="PASS" signature="after()[pri:0, instance:DemoGroup@56f4468b]" name="after" is-config="true" duration-ms="1" started-at="2019-01-29T09:04:45Z" finished-at="2019-01-29T09:04:45Z">
          <reporter-output>
          </reporter-output>
        </test-method> <!-- after -->
        <test-method status="PASS" signature="before()[pri:0, instance:DemoGroup@56f4468b]" name="before" is-config="true" duration-ms="0" started-at="2019-01-29T09:04:45Z" finished-at="2019-01-29T09:04:45Z">
          <reporter-output>
          </reporter-output>
        </test-method> <!-- before -->
        <test-method status="PASS" signature="a()[pri:2, instance:DemoGroup@56f4468b]" name="a" duration-ms="6" started-at="2019-01-29T09:04:45Z" finished-at="2019-01-29T09:04:45Z">
          <reporter-output>
          </reporter-output>
        </test-method> <!-- a -->
        <test-method status="PASS" signature="after()[pri:0, instance:DemoGroup@56f4468b]" name="after" is-config="true" duration-ms="2" started-at="2019-01-29T09:04:45Z" finished-at="2019-01-29T09:04:45Z">
          <reporter-output>
          </reporter-output>
        </test-method> <!-- after -->
      </class> <!-- DemoGroup -->
    </test> <!-- Default test -->
  </suite> <!-- Default suite -->
</testng-results>
